<?xml version="1.0" encoding="UTF-8"?>
<!-- Generated by org.testng.reporters.JUnitReportReporter -->
<testsuite hostname="Suryadevara" failures="0" tests="4" name="testcases.HomepageTest" time="6.373" errors="0" timestamp="2023-11-30T17:46:03 CST" skipped="3">
  <testcase classname="testcases.HomepageTest" name="justsearch" time="6.373"/>
  <testcase classname="testcases.HomepageTest" name="Homemainmenu">
    <skipped/>
  </testcase> <!-- Homemainmenu -->
  <testcase classname="testcases.HomepageTest" name="Homepagepdt">
    <skipped/>
  </testcase> <!-- Homepagepdt -->
  <testcase classname="testcases.HomepageTest" name="searchpdthome">
    <skipped/>
  </testcase> <!-- searchpdthome -->
</testsuite> <!-- testcases.HomepageTest -->
