<?xml version="1.0" encoding="UTF-8"?>
<!-- Generated by org.testng.reporters.JUnitReportReporter -->
<testsuite hostname="Suryadevara" failures="0" tests="3" name="testcases.RegistrationTest" time="8.601" errors="0" timestamp="2023-11-30T14:00:30 CST" skipped="2">
  <testcase classname="testcases.RegistrationTest" name="createAccounWithExistingUserNAme" time="8.601"/>
  <testcase classname="testcases.RegistrationTest" name="createAccountWeekPassword">
    <skipped/>
  </testcase> <!-- createAccountWeekPassword -->
  <testcase classname="testcases.RegistrationTest" name="createAccounWithValidPass">
    <skipped/>
  </testcase> <!-- createAccounWithValidPass -->
  <system-out>
    <![CDATA[The browser is open for Registration]]>
  </system-out>
</testsuite> <!-- testcases.RegistrationTest -->
