<?xml version="1.0" encoding="UTF-8"?>
<!-- Generated by org.testng.reporters.JUnitReportReporter -->
<testsuite hostname="Suryadevara" failures="0" tests="5" name="testcases.PdtAddCarttest" time="19.429" errors="0" timestamp="2023-11-30T14:59:23 CST" skipped="4">
  <testcase classname="testcases.PdtAddCarttest" name="removeitem" time="19.429"/>
  <testcase classname="testcases.PdtAddCarttest" name="productquntadddble">
    <skipped/>
  </testcase> <!-- productquntadddble -->
  <testcase classname="testcases.PdtAddCarttest" name="productquntadd">
    <skipped/>
  </testcase> <!-- productquntadd -->
  <testcase classname="testcases.PdtAddCarttest" name="cartprdt">
    <skipped/>
  </testcase> <!-- cartprdt -->
  <testcase classname="testcases.PdtAddCarttest" name="productpriceview">
    <skipped/>
  </testcase> <!-- productpriceview -->
</testsuite> <!-- testcases.PdtAddCarttest -->
