<?xml version="1.0" encoding="UTF-8"?>
<!-- Generated by org.testng.reporters.JUnitReportReporter -->
<testsuite hostname="Suryadevara" failures="0" tests="2" name="testcases.CheckoutTest" time="80.008" errors="0" timestamp="2023-12-01T10:23:57 CST" skipped="1">
  <testcase classname="testcases.CheckoutTest" name="placeorder" time="80.008"/>
  <testcase classname="testcases.CheckoutTest" name="creditdebit">
    <skipped/>
  </testcase> <!-- creditdebit -->
</testsuite> <!-- testcases.CheckoutTest -->
