<?xml version="1.0" encoding="UTF-8"?>
<!-- Generated by org.testng.reporters.JUnitReportReporter -->
<testsuite hostname="Suryadevara" failures="0" tests="1" name="testcases.Logintest" time="15.367" errors="0" timestamp="2023-12-05T01:30:48 CST" skipped="0">
  <testcase classname="testcases.Logintest" name="Loginintoaccount" time="15.367"/>
</testsuite> <!-- testcases.Logintest -->
